<?xml version="1.0" encoding="UTF-8"?>
<!-- Generated by org.testng.reporters.JUnitReportReporter -->
<testsuite skipped="6" hostname="Dell-Tamanna" name="scripts_mastbit.TC2_Login" tests="6" failures="0" timestamp="03 Jan 2019 02:38:21 GMT" time="0.000" errors="0">
  <testcase name="test2" time="0.000" classname="scripts_mastbit.TC2_Login">
    <skipped/>
  </testcase> <!-- test2 -->
  <testcase name="test2" time="0.000" classname="scripts_mastbit.TC2_Login">
    <skipped/>
  </testcase> <!-- test2 -->
  <testcase name="test2" time="0.000" classname="scripts_mastbit.TC2_Login">
    <skipped/>
  </testcase> <!-- test2 -->
  <testcase name="test2" time="0.000" classname="scripts_mastbit.TC2_Login">
    <skipped/>
  </testcase> <!-- test2 -->
  <testcase name="test2" time="0.000" classname="scripts_mastbit.TC2_Login">
    <skipped/>
  </testcase> <!-- test2 -->
  <testcase name="test2" time="0.000" classname="scripts_mastbit.TC2_Login">
    <skipped/>
  </testcase> <!-- test2 -->
</testsuite> <!-- scripts_mastbit.TC2_Login -->
